{"C:\\Users\\pc\\OneDrive\\dev\\source\\skillup\\portforio\\doing\\blog-mern-app\\frontend\\src\\app\\sample.tsx": {"path":"C:\\Users\\pc\\OneDrive\\dev\\source\\skillup\\portforio\\doing\\blog-mern-app\\frontend\\src\\app\\sample.tsx","statementMap":{"0":{"start":{"line":1,"column":0},"end":{"line":1,"column":null}},"1":{"start":{"line":3,"column":22},"end":{"line":9,"column":1}},"2":{"start":{"line":4,"column":2},"end":{"line":7,"column":null}},"3":{"start":{"line":3,"column":13},"end":{"line":3,"column":22}}},"fnMap":{"0":{"name":"(anonymous_1)","decl":{"start":{"line":3,"column":22},"end":{"line":3,"column":27}},"loc":{"start":{"line":3,"column":27},"end":{"line":9,"column":1}}}},"branchMap":{},"s":{"0":1,"1":1,"2":1,"3":1},"f":{"0":1},"b":{}}
}
